[14:27:44] [Server thread/INFO]: Starting minecraft server version 1.7.10
[14:28:41] [Server thread/INFO]: Loading properties
[14:28:41] [Server thread/WARN]: server.properties does not exist
[14:28:41] [Server thread/INFO]: Generating new properties file
[14:28:41] [Server thread/INFO]: Default game type: SURVIVAL
[14:28:41] [Server thread/INFO]: Generating keypair
[14:28:41] [Server thread/INFO]: Starting Minecraft server on *:25565
[14:29:37] [Server thread/WARN]: Failed to load user banlist: 
java.io.FileNotFoundException: banned-players.json (Nie mo¿na odnaleŸæ okreœlonego pliku)
	at java.io.FileInputStream.open0(Native Method) ~[?:1.8.0_171]
	at java.io.FileInputStream.open(Unknown Source) ~[?:1.8.0_171]
	at java.io.FileInputStream.<init>(Unknown Source) ~[?:1.8.0_171]
	at com.google.common.io.Files.newReader(Files.java:86) ~[guava-17.0.jar:?]
	at net.minecraft.server.management.UserList.func_152679_g(SourceFile:124) ~[om.class:?]
	at net.minecraft.server.dedicated.DedicatedPlayerList.func_152620_y(SourceFile:99) [ls.class:?]
	at net.minecraft.server.dedicated.DedicatedPlayerList.<init>(SourceFile:25) [ls.class:?]
	at net.minecraft.server.dedicated.DedicatedServer.func_71197_b(DedicatedServer.java:211) [lt.class:?]
	at net.minecraft.server.MinecraftServer.run(MinecraftServer.java:387) [MinecraftServer.class:?]
	at net.minecraft.server.MinecraftServer$2.run(MinecraftServer.java:685) [li.class:?]
[14:29:37] [Server thread/WARN]: Failed to load ip banlist: 
java.io.FileNotFoundException: banned-ips.json (Nie mo¿na odnaleŸæ okreœlonego pliku)
	at java.io.FileInputStream.open0(Native Method) ~[?:1.8.0_171]
	at java.io.FileInputStream.open(Unknown Source) ~[?:1.8.0_171]
	at java.io.FileInputStream.<init>(Unknown Source) ~[?:1.8.0_171]
	at com.google.common.io.Files.newReader(Files.java:86) ~[guava-17.0.jar:?]
	at net.minecraft.server.management.UserList.func_152679_g(SourceFile:124) ~[om.class:?]
	at net.minecraft.server.dedicated.DedicatedPlayerList.func_152619_x(SourceFile:91) [ls.class:?]
	at net.minecraft.server.dedicated.DedicatedPlayerList.<init>(SourceFile:27) [ls.class:?]
	at net.minecraft.server.dedicated.DedicatedServer.func_71197_b(DedicatedServer.java:211) [lt.class:?]
	at net.minecraft.server.MinecraftServer.run(MinecraftServer.java:387) [MinecraftServer.class:?]
	at net.minecraft.server.MinecraftServer$2.run(MinecraftServer.java:685) [li.class:?]
[14:29:37] [Server thread/WARN]: Failed to load operators list: 
java.io.FileNotFoundException: ops.json (Nie mo¿na odnaleŸæ okreœlonego pliku)
	at java.io.FileInputStream.open0(Native Method) ~[?:1.8.0_171]
	at java.io.FileInputStream.open(Unknown Source) ~[?:1.8.0_171]
	at java.io.FileInputStream.<init>(Unknown Source) ~[?:1.8.0_171]
	at com.google.common.io.Files.newReader(Files.java:86) ~[guava-17.0.jar:?]
	at net.minecraft.server.management.UserList.func_152679_g(SourceFile:124) ~[om.class:?]
	at net.minecraft.server.dedicated.DedicatedPlayerList.func_72417_t(SourceFile:107) [ls.class:?]
	at net.minecraft.server.dedicated.DedicatedPlayerList.<init>(SourceFile:29) [ls.class:?]
	at net.minecraft.server.dedicated.DedicatedServer.func_71197_b(DedicatedServer.java:211) [lt.class:?]
	at net.minecraft.server.MinecraftServer.run(MinecraftServer.java:387) [MinecraftServer.class:?]
	at net.minecraft.server.MinecraftServer$2.run(MinecraftServer.java:685) [li.class:?]
[14:29:37] [Server thread/WARN]: Failed to load white-list: 
java.io.FileNotFoundException: whitelist.json (Nie mo¿na odnaleŸæ okreœlonego pliku)
	at java.io.FileInputStream.open0(Native Method) ~[?:1.8.0_171]
	at java.io.FileInputStream.open(Unknown Source) ~[?:1.8.0_171]
	at java.io.FileInputStream.<init>(Unknown Source) ~[?:1.8.0_171]
	at com.google.common.io.Files.newReader(Files.java:86) ~[guava-17.0.jar:?]
	at net.minecraft.server.management.UserList.func_152679_g(SourceFile:124) ~[om.class:?]
	at net.minecraft.server.dedicated.DedicatedPlayerList.func_72418_v(SourceFile:123) [ls.class:?]
	at net.minecraft.server.dedicated.DedicatedPlayerList.<init>(SourceFile:30) [ls.class:?]
	at net.minecraft.server.dedicated.DedicatedServer.func_71197_b(DedicatedServer.java:211) [lt.class:?]
	at net.minecraft.server.MinecraftServer.run(MinecraftServer.java:387) [MinecraftServer.class:?]
	at net.minecraft.server.MinecraftServer$2.run(MinecraftServer.java:685) [li.class:?]
[14:29:37] [Server thread/INFO]: Preparing level "world"
[14:29:38] [Server thread/WARN]: Unable to find spawn biome
[14:29:39] [Server thread/WARN]: Unable to find spawn biome
[14:29:41] [Server thread/WARN]: Unable to find spawn biome
[14:29:44] [Server thread/INFO]: Preparing start region for level 0
[14:29:45] [Server thread/INFO]: Preparing spawn area: 5%
[14:29:46] [Server thread/INFO]: Preparing spawn area: 9%
[14:29:49] [Server thread/INFO]: Preparing spawn area: 12%
[14:29:50] [Server thread/INFO]: Preparing spawn area: 18%
[14:29:51] [Server thread/INFO]: Preparing spawn area: 25%
[14:29:52] [Server thread/INFO]: Preparing spawn area: 33%
[14:29:53] [Server thread/INFO]: Preparing spawn area: 40%
[14:29:54] [Server thread/INFO]: Preparing spawn area: 49%
[14:29:55] [Server thread/INFO]: Preparing spawn area: 58%
[14:29:56] [Server thread/INFO]: Preparing spawn area: 67%
[14:29:57] [Server thread/INFO]: Preparing spawn area: 75%
[14:29:58] [Server thread/INFO]: Preparing spawn area: 84%
[14:29:59] [Server thread/INFO]: Preparing spawn area: 91%
[14:30:00] [Server thread/INFO]: Preparing spawn area: 96%
[14:30:00] [Server thread/INFO]: Done (23,650s)! For help, type "help" or "?"
[14:32:57] [User Authenticator #1/INFO]: UUID of player TytusWorld is 96cbcd5d-b1c9-4396-a10f-56960f9e14fb
[14:32:58] [Server thread/INFO]: TytusWorld[/127.0.0.1:51305] logged in with entity id 5745 at (-92.5, 70.0, 114.5)
[14:32:58] [Server thread/INFO]: TytusWorld joined the game
[14:35:11] [Server thread/INFO]: TytusWorld lost connection: TextComponent{text='Disconnected', siblings=[], style=Style{hasParent=false, color=null, bold=null, italic=null, underlined=null, obfuscated=null, clickEvent=null, hoverEvent=null}}
[14:35:11] [Server thread/INFO]: TytusWorld left the game
[14:39:56] [User Authenticator #2/INFO]: UUID of player TytusWorld is 96cbcd5d-b1c9-4396-a10f-56960f9e14fb
[14:39:56] [Server thread/INFO]: TytusWorld[/127.0.0.1:51532] logged in with entity id 9318 at (-92.65068732357965, 70.0, 115.11743161029727)
[14:39:56] [Server thread/INFO]: TytusWorld joined the game
[14:40:53] [Server thread/INFO]: TytusWorld lost connection: TextComponent{text='Disconnected', siblings=[], style=Style{hasParent=false, color=null, bold=null, italic=null, underlined=null, obfuscated=null, clickEvent=null, hoverEvent=null}}
[14:40:53] [Server thread/INFO]: TytusWorld left the game
[14:40:56] [Server Shutdown Thread/INFO]: Stopping server
